<?xml version="1.0" encoding="UTF-8"?>
<testng-results ignored="0" total="0" passed="0" failed="0" skipped="0">
  <reporter-output>
    <line>
      <![CDATA[Extent Report Directory/Users/athmanechebili/IdeaProjects/Bootcamp_We_Morning2020-Team4/Southwest/target/surefire-reports/testng-native-results/html]]>
    </line>
  </reporter-output>
  <suite started-at="2020-06-26T14:24:54 EDT" name="Surefire suite" finished-at="2020-06-26T14:26:39 EDT" duration-ms="105852">
    <groups>
    </groups>
    <test started-at="2020-06-26T14:24:54 EDT" name="Surefire test" finished-at="2020-06-26T14:26:39 EDT" duration-ms="105852">
    </test> <!-- Surefire test -->
  </suite> <!-- Surefire suite -->
</testng-results>
